生成启动时间为 2019/4/10 20:53:53。
     1>项目“D:\C++demo\STL\STL\MyString\MyString.vcxproj”在节点 3 上(rebuild 个目标)。
     1>_PrepareForClean:
         正在删除文件“Debug\MyString.lastbuildstate”。
       InitializeBuildStatus:
         正在创建“Debug\MyString.unsuccessfulbuild”，因为已指定“AlwaysCreate”。
       ClCompile:
         d:\vs2010\VC\bin\CL.exe /c /ZI /nologo /W3 /WX- /Od /Oy- /D WIN32 /D _DEBUG /D _CONSOLE /D _UNICODE /D UNICODE /Gm /EHsc /RTC1 /MDd /GS /fp:precise /Zc:wchar_t /Zc:forScope /Fo"Debug\\" /Fd"Debug\vc100.pdb" /Gd /TP /analyze- /errorReport:prompt main.cpp MyString.cpp
         MyString.cpp
         main.cpp
         正在生成代码...
       ManifestResourceCompile:
         C:\Program Files (x86)\Microsoft SDKs\Windows\v7.0A\bin\rc.exe /nologo /fo"Debug\MyString.exe.embed.manifest.res" Debug\MyString_manifest.rc 
       Link:
         d:\vs2010\VC\bin\link.exe /ERRORREPORT:PROMPT /OUT:"D:\C++demo\STL\STL\Debug\MyString.exe" /INCREMENTAL /NOLOGO kernel32.lib user32.lib gdi32.lib winspool.lib comdlg32.lib advapi32.lib shell32.lib ole32.lib oleaut32.lib uuid.lib odbc32.lib odbccp32.lib /MANIFEST /ManifestFile:"Debug\MyString.exe.intermediate.manifest" /MANIFESTUAC:"level='asInvoker' uiAccess='false'" /DEBUG /PDB:"D:\C++demo\STL\STL\Debug\MyString.pdb" /SUBSYSTEM:CONSOLE /TLBID:1 /DYNAMICBASE /NXCOMPAT /IMPLIB:"D:\C++demo\STL\STL\Debug\MyString.lib" /MACHINE:X86 Debug\MyString.exe.embed.manifest.res
         Debug\main.obj
         Debug\MyString.obj
       Manifest:
         正在删除文件“Debug\MyString.exe.embed.manifest”。
         C:\Program Files (x86)\Microsoft SDKs\Windows\v7.0A\bin\mt.exe /nologo /verbose /out:"Debug\MyString.exe.embed.manifest" /manifest Debug\MyString.exe.intermediate.manifest
         C:\Program Files (x86)\Microsoft SDKs\Windows\v7.0A\bin\rc.exe /nologo /fo"Debug\MyString.exe.embed.manifest.res" Debug\MyString_manifest.rc 
       LinkEmbedManifest:
         d:\vs2010\VC\bin\link.exe /ERRORREPORT:PROMPT /OUT:"D:\C++demo\STL\STL\Debug\MyString.exe" /INCREMENTAL /NOLOGO kernel32.lib user32.lib gdi32.lib winspool.lib comdlg32.lib advapi32.lib shell32.lib ole32.lib oleaut32.lib uuid.lib odbc32.lib odbccp32.lib /MANIFEST /ManifestFile:"Debug\MyString.exe.intermediate.manifest" /MANIFESTUAC:"level='asInvoker' uiAccess='false'" /DEBUG /PDB:"D:\C++demo\STL\STL\Debug\MyString.pdb" /SUBSYSTEM:CONSOLE /TLBID:1 /DYNAMICBASE /NXCOMPAT /IMPLIB:"D:\C++demo\STL\STL\Debug\MyString.lib" /MACHINE:X86 Debug\MyString.exe.embed.manifest.res
         Debug\main.obj
         Debug\MyString.obj
         MyString.vcxproj -> D:\C++demo\STL\STL\Debug\MyString.exe
       FinalizeBuildStatus:
         正在删除文件“Debug\MyString.unsuccessfulbuild”。
         正在对“Debug\MyString.lastbuildstate”执行 Touch 任务。
     1>已完成生成项目“D:\C++demo\STL\STL\MyString\MyString.vcxproj”(rebuild 个目标)的操作。

生成成功。

已用时间 00:00:04.64
