D:\C++DEMO\STL\STL\DEBUG\MYSTRING.EXE
D:\C++DEMO\STL\STL\DEBUG\MYSTRING.ILK
D:\C++DEMO\STL\STL\DEBUG\MYSTRING.PDB
D:\C++demo\STL\STL\MyString\Debug\cl.command.1.tlog
D:\C++demo\STL\STL\MyString\Debug\CL.read.1.tlog
D:\C++demo\STL\STL\MyString\Debug\CL.write.1.tlog
D:\C++demo\STL\STL\MyString\Debug\link.4016.read.1.tlog
D:\C++demo\STL\STL\MyString\Debug\link.4016.write.1.tlog
D:\C++demo\STL\STL\MyString\Debug\link.4016-cvtres.read.1.tlog
D:\C++demo\STL\STL\MyString\Debug\link.4016-cvtres.write.1.tlog
D:\C++demo\STL\STL\MyString\Debug\link.command.1.tlog
D:\C++demo\STL\STL\MyString\Debug\link.read.1.tlog
D:\C++demo\STL\STL\MyString\Debug\link.write.1.tlog
D:\C++demo\STL\STL\MyString\Debug\link-cvtres.read.1.tlog
D:\C++demo\STL\STL\MyString\Debug\link-cvtres.write.1.tlog
D:\C++DEMO\STL\STL\MYSTRING\DEBUG\MAIN.OBJ
D:\C++demo\STL\STL\MyString\Debug\mt.command.1.tlog
D:\C++demo\STL\STL\MyString\Debug\mt.read.1.tlog
D:\C++demo\STL\STL\MyString\Debug\mt.write.1.tlog
D:\C++DEMO\STL\STL\MYSTRING\DEBUG\MYSTRING.EXE.EMBED.MANIFEST
D:\C++DEMO\STL\STL\MYSTRING\DEBUG\MYSTRING.EXE.EMBED.MANIFEST.RES
D:\C++DEMO\STL\STL\MYSTRING\DEBUG\MYSTRING.EXE.INTERMEDIATE.MANIFEST
D:\C++DEMO\STL\STL\MYSTRING\DEBUG\MYSTRING.OBJ
D:\C++demo\STL\STL\MyString\Debug\MyString.vcxprojResolveAssemblyReference.cache
D:\C++demo\STL\STL\MyString\Debug\MyString.write.1.tlog
D:\C++demo\STL\STL\MyString\Debug\MyString_manifest.rc
D:\C++demo\STL\STL\MyString\Debug\rc.command.1.tlog
D:\C++demo\STL\STL\MyString\Debug\rc.read.1.tlog
D:\C++demo\STL\STL\MyString\Debug\rc.write.1.tlog
D:\C++demo\STL\STL\MyString\Debug\vc100.idb
D:\C++DEMO\STL\STL\MYSTRING\DEBUG\VC100.PDB
