D:\C++DEMO\STL\STL\DEBUG\STL.EXE
D:\C++DEMO\STL\STL\DEBUG\STL.ILK
D:\C++DEMO\STL\STL\DEBUG\STL.PDB
D:\C++demo\STL\STL\STL\Debug\cl.command.1.tlog
D:\C++demo\STL\STL\STL\Debug\CL.read.1.tlog
D:\C++demo\STL\STL\STL\Debug\CL.write.1.tlog
D:\C++demo\STL\STL\STL\Debug\link.15028.read.1.tlog
D:\C++demo\STL\STL\STL\Debug\link.15028.write.1.tlog
D:\C++demo\STL\STL\STL\Debug\link.15028-cvtres.read.1.tlog
D:\C++demo\STL\STL\STL\Debug\link.15028-cvtres.write.1.tlog
D:\C++demo\STL\STL\STL\Debug\link.command.1.tlog
D:\C++demo\STL\STL\STL\Debug\link.read.1.tlog
D:\C++demo\STL\STL\STL\Debug\link.write.1.tlog
D:\C++demo\STL\STL\STL\Debug\link-cvtres.read.1.tlog
D:\C++demo\STL\STL\STL\Debug\link-cvtres.write.1.tlog
D:\C++DEMO\STL\STL\STL\DEBUG\LIST.OBJ
D:\C++demo\STL\STL\STL\Debug\mt.command.1.tlog
D:\C++demo\STL\STL\STL\Debug\mt.read.1.tlog
D:\C++demo\STL\STL\STL\Debug\mt.write.1.tlog
D:\C++demo\STL\STL\STL\Debug\rc.command.1.tlog
D:\C++demo\STL\STL\STL\Debug\rc.read.1.tlog
D:\C++demo\STL\STL\STL\Debug\rc.write.1.tlog
D:\C++DEMO\STL\STL\STL\DEBUG\STL.EXE.EMBED.MANIFEST
D:\C++DEMO\STL\STL\STL\DEBUG\STL.EXE.EMBED.MANIFEST.RES
D:\C++DEMO\STL\STL\STL\DEBUG\STL.EXE.INTERMEDIATE.MANIFEST
D:\C++demo\STL\STL\STL\Debug\STL.write.1.tlog
D:\C++demo\STL\STL\STL\Debug\STL_manifest.rc
D:\C++DEMO\STL\STL\STL\DEBUG\STRING.OBJ
D:\C++DEMO\STL\STL\STL\DEBUG\STRING迭代器.OBJ
D:\C++demo\STL\STL\STL\Debug\vc100.idb
D:\C++DEMO\STL\STL\STL\DEBUG\VC100.PDB
D:\C++DEMO\STL\STL\STL\DEBUG\VECTOR.OBJ
D:\C++DEMO\STL\STL\STL\DEBUG\字符串.OBJ
